<?xml version="1.0" encoding="UTF-8"?>
<coverage generated="1670547037722" clover="3.2.0">
  <project timestamp="1670547037722" name="All files">
    <metrics statements="289" coveredstatements="252" conditionals="156" coveredconditionals="122" methods="55" coveredmethods="47" elements="500" coveredelements="421" complexity="0" loc="289" ncloc="289" packages="1" files="3" classes="3"/>
    <file name="index.ts" path="/Users/oscb/Projects/segment/tsub-js/src/index.ts">
      <metrics statements="3" coveredstatements="3" conditionals="0" coveredconditionals="0" methods="4" coveredmethods="3"/>
      <line num="1" count="4" type="stmt"/>
      <line num="2" count="6" type="stmt"/>
      <line num="3" count="3" type="stmt"/>
    </file>
    <file name="matchers.ts" path="/Users/oscb/Projects/segment/tsub-js/src/matchers.ts">
      <metrics statements="269" coveredstatements="232" conditionals="149" coveredconditionals="116" methods="48" coveredmethods="41"/>
      <line num="2" count="2" type="stmt"/>
      <line num="4" count="2" type="stmt"/>
      <line num="5" count="113" type="stmt"/>
      <line num="8" count="2" type="stmt"/>
      <line num="9" count="113" type="cond" truecount="0" falsecount="1"/>
      <line num="10" count="0" type="stmt"/>
      <line num="13" count="113" type="stmt"/>
      <line num="15" count="1" type="stmt"/>
      <line num="17" count="111" type="stmt"/>
      <line num="19" count="1" type="stmt"/>
      <line num="24" count="1" type="stmt"/>
      <line num="28" count="111" type="cond" truecount="1" falsecount="0"/>
      <line num="29" count="1" type="stmt"/>
      <line num="32" count="110" type="stmt"/>
      <line num="33" count="110" type="stmt"/>
      <line num="35" count="1" type="stmt"/>
      <line num="38" count="109" type="stmt"/>
      <line num="39" count="108" type="cond" truecount="1" falsecount="0"/>
      <line num="40" count="108" type="stmt"/>
      <line num="42" count="0" type="stmt"/>
      <line num="45" count="2" type="stmt"/>
      <line num="46" count="1" type="cond" truecount="0" falsecount="1"/>
      <line num="47" count="0" type="stmt"/>
      <line num="50" count="1" type="stmt"/>
      <line num="51" count="1" type="stmt"/>
      <line num="53" count="0" type="stmt"/>
      <line num="56" count="1" type="stmt"/>
      <line num="57" count="1" type="cond" truecount="1" falsecount="0"/>
      <line num="58" count="10001" type="stmt"/>
      <line num="60" count="0" type="stmt"/>
      <line num="75" count="140" type="cond" truecount="1" falsecount="0"/>
      <line num="76" count="21" type="stmt"/>
      <line num="79" count="119" type="stmt"/>
      <line num="81" count="119" type="stmt"/>
      <line num="85" count="0" type="stmt"/>
      <line num="86" count="0" type="cond" truecount="0" falsecount="2"/>
      <line num="87" count="0" type="stmt"/>
      <line num="88" count="0" type="stmt"/>
      <line num="91" count="0" type="stmt"/>
      <line num="96" count="4" type="stmt"/>
      <line num="97" count="4" type="stmt"/>
      <line num="98" count="10" type="stmt"/>
      <line num="100" count="4" type="stmt"/>
      <line num="101" count="20010" type="stmt"/>
      <line num="102" count="20010" type="cond" truecount="1" falsecount="1"/>
      <line num="103" count="20010" type="cond" truecount="1" falsecount="0"/>
      <line num="104" count="10003" type="stmt"/>
      <line num="107" count="0" type="cond" truecount="0" falsecount="1"/>
      <line num="110" count="1" type="stmt"/>
      <line num="115" count="4" type="stmt"/>
      <line num="116" count="4" type="stmt"/>
      <line num="117" count="13" type="stmt"/>
      <line num="119" count="4" type="stmt"/>
      <line num="120" count="50013" type="stmt"/>
      <line num="121" count="50013" type="cond" truecount="1" falsecount="1"/>
      <line num="122" count="50013" type="cond" truecount="1" falsecount="0"/>
      <line num="123" count="1" type="stmt"/>
      <line num="126" count="0" type="cond" truecount="0" falsecount="1"/>
      <line num="127" count="0" type="stmt"/>
      <line num="131" count="10003" type="stmt"/>
      <line num="137" count="20" type="stmt"/>
      <line num="144" count="10" type="stmt"/>
      <line num="147" count="9" type="stmt"/>
      <line num="148" count="9" type="stmt"/>
      <line num="154" count="5" type="stmt"/>
      <line num="155" count="10005" type="stmt"/>
      <line num="159" count="59" type="stmt"/>
      <line num="160" count="10059" type="stmt"/>
      <line num="164" count="3" type="stmt"/>
      <line num="165" count="10003" type="stmt"/>
      <line num="166" count="10003" type="cond" truecount="0" falsecount="1"/>
      <line num="167" count="0" type="stmt"/>
      <line num="169" count="10003" type="stmt"/>
      <line num="174" count="2" type="stmt"/>
      <line num="175" count="2" type="stmt"/>
      <line num="179" count="2" type="stmt"/>
      <line num="180" count="2" type="stmt"/>
      <line num="184" count="1" type="stmt"/>
      <line num="190" count="80193" type="cond" truecount="0" falsecount="1"/>
      <line num="191" count="0" type="stmt"/>
      <line num="195" count="80193" type="cond" truecount="1" falsecount="0"/>
      <line num="196" count="20174" type="stmt"/>
      <line num="200" count="60019" type="stmt"/>
      <line num="204" count="14" type="stmt"/>
      <line num="212" count="10" type="cond" truecount="1" falsecount="1"/>
      <line num="213" count="0" type="cond" truecount="0" falsecount="2"/>
      <line num="214" count="0" type="stmt"/>
      <line num="216" count="0" type="stmt"/>
      <line num="219" count="10" type="stmt"/>
      <line num="222" count="10" type="cond" truecount="1" falsecount="1"/>
      <line num="223" count="0" type="cond" truecount="0" falsecount="2"/>
      <line num="224" count="0" type="stmt"/>
      <line num="226" count="0" type="stmt"/>
      <line num="229" count="10" type="stmt"/>
      <line num="234" count="10" type="stmt"/>
      <line num="237" count="3" type="stmt"/>
      <line num="238" count="3" type="stmt"/>
      <line num="241" count="3" type="stmt"/>
      <line num="242" count="3" type="stmt"/>
      <line num="245" count="2" type="stmt"/>
      <line num="246" count="2" type="stmt"/>
      <line num="249" count="2" type="stmt"/>
      <line num="250" count="2" type="stmt"/>
      <line num="252" count="0" type="stmt"/>
      <line num="255" count="10" type="stmt"/>
      <line num="258" count="10" type="cond" truecount="1" falsecount="1"/>
      <line num="259" count="0" type="stmt"/>
      <line num="261" count="10" type="stmt"/>
      <line num="264" count="10" type="cond" truecount="1" falsecount="1"/>
      <line num="265" count="0" type="stmt"/>
      <line num="267" count="10" type="stmt"/>
      <line num="270" count="10" type="cond" truecount="2" falsecount="1"/>
      <line num="271" count="0" type="stmt"/>
      <line num="274" count="10" type="stmt"/>
      <line num="283" count="20" type="cond" truecount="2" falsecount="0"/>
      <line num="284" count="6" type="cond" truecount="2" falsecount="0"/>
      <line num="285" count="1" type="stmt"/>
      <line num="287" count="30005" type="stmt"/>
      <line num="290" count="14" type="stmt"/>
      <line num="293" count="20" type="cond" truecount="2" falsecount="0"/>
      <line num="294" count="6" type="cond" truecount="1" falsecount="1"/>
      <line num="295" count="6" type="stmt"/>
      <line num="297" count="0" type="stmt"/>
      <line num="300" count="14" type="stmt"/>
      <line num="308" count="20" type="stmt"/>
      <line num="311" count="40018" type="stmt"/>
      <line num="312" count="18" type="stmt"/>
      <line num="315" count="2" type="stmt"/>
      <line num="316" count="2" type="stmt"/>
      <line num="318" count="0" type="stmt"/>
      <line num="321" count="20" type="stmt"/>
      <line num="324" count="40020" type="cond" truecount="2" falsecount="0"/>
      <line num="325" count="40006" type="stmt"/>
      <line num="327" count="14" type="stmt"/>
      <line num="330" count="40020" type="cond" truecount="2" falsecount="0"/>
      <line num="331" count="6" type="stmt"/>
      <line num="333" count="40014" type="stmt"/>
      <line num="336" count="40020" type="cond" truecount="3" falsecount="0"/>
      <line num="337" count="4" type="stmt"/>
      <line num="338" count="4" type="stmt"/>
      <line num="341" count="40020" type="stmt"/>
      <line num="346" count="10005" type="cond" truecount="2" falsecount="1"/>
      <line num="347" count="0" type="stmt"/>
      <line num="350" count="10005" type="stmt"/>
      <line num="354" count="10059" type="cond" truecount="2" falsecount="1"/>
      <line num="355" count="0" type="stmt"/>
      <line num="358" count="10059" type="stmt"/>
      <line num="363" count="2" type="cond" truecount="0" falsecount="1"/>
      <line num="364" count="0" type="stmt"/>
      <line num="368" count="2" type="cond" truecount="2" falsecount="1"/>
      <line num="369" count="0" type="stmt"/>
      <line num="372" count="2" type="stmt"/>
      <line num="379" count="12" type="cond" truecount="1" falsecount="0"/>
      <line num="380" count="5" type="stmt"/>
      <line num="384" count="7" type="cond" truecount="1" falsecount="0"/>
      <line num="388" count="7" type="stmt"/>
      <line num="391" count="0" type="cond" truecount="0" falsecount="4"/>
      <line num="392" count="0" type="stmt"/>
      <line num="395" count="0" type="stmt"/>
      <line num="399" count="60" type="cond" truecount="3" falsecount="0"/>
      <line num="400" count="12" type="stmt"/>
      <line num="403" count="48" type="stmt"/>
      <line num="411" count="10059" type="stmt"/>
      <line num="412" count="20094" type="stmt"/>
      <line num="413" count="20094" type="stmt"/>
      <line num="414" count="20094" type="stmt"/>
      <line num="415" count="20094" type="cond" truecount="3" falsecount="0"/>
      <line num="417" count="10007" type="stmt"/>
      <line num="421" count="10087" type="stmt"/>
      <line num="422" count="10087" type="cond" truecount="1" falsecount="0"/>
      <line num="423" count="1" type="stmt"/>
      <line num="429" count="10086" type="cond" truecount="4" falsecount="0"/>
      <line num="430" count="10033" type="stmt"/>
      <line num="431" count="10033" type="stmt"/>
      <line num="434" count="53" type="cond" truecount="1" falsecount="0"/>
      <line num="436" count="31" type="stmt"/>
      <line num="437" count="75" type="stmt"/>
      <line num="438" count="75" type="cond" truecount="1" falsecount="0"/>
      <line num="440" count="30" type="cond" truecount="3" falsecount="0"/>
      <line num="441" count="3" type="stmt"/>
      <line num="444" count="27" type="stmt"/>
      <line num="445" count="27" type="stmt"/>
      <line num="448" count="45" type="cond" truecount="0" falsecount="1"/>
      <line num="449" count="0" type="stmt"/>
      <line num="454" count="26" type="stmt"/>
      <line num="457" count="25" type="stmt"/>
      <line num="461" count="20094" type="stmt"/>
      <line num="467" count="20094" type="cond" truecount="2" falsecount="0"/>
      <line num="468" count="10042" type="stmt"/>
      <line num="469" count="10042" type="stmt"/>
      <line num="472" count="20094" type="stmt"/>
      <line num="475" count="20094" type="stmt"/>
      <line num="476" count="40272" type="stmt"/>
      <line num="479" count="12" type="cond" truecount="1" falsecount="0"/>
      <line num="480" count="11" type="stmt"/>
      <line num="482" count="12" type="stmt"/>
      <line num="484" count="34" type="stmt"/>
      <line num="485" count="34" type="stmt"/>
      <line num="487" count="30" type="stmt"/>
      <line num="488" count="30" type="stmt"/>
      <line num="490" count="10035" type="cond" truecount="1" falsecount="0"/>
      <line num="491" count="10035" type="stmt"/>
      <line num="496" count="20094" type="stmt"/>
      <line num="497" count="20094" type="stmt"/>
      <line num="498" count="20094" type="stmt"/>
      <line num="505" count="10162" type="stmt"/>
      <line num="511" count="10162" type="stmt"/>
      <line num="512" count="30228" type="cond" truecount="1" falsecount="0"/>
      <line num="513" count="7" type="stmt"/>
      <line num="516" count="30221" type="stmt"/>
      <line num="518" count="32" type="stmt"/>
      <line num="519" count="32" type="stmt"/>
      <line num="520" count="32" type="stmt"/>
      <line num="522" count="32" type="stmt"/>
      <line num="523" count="32" type="cond" truecount="3" falsecount="0"/>
      <line num="524" count="8" type="stmt"/>
      <line num="525" count="8" type="stmt"/>
      <line num="529" count="32" type="stmt"/>
      <line num="530" count="32" type="stmt"/>
      <line num="531" count="32" type="stmt"/>
      <line num="532" count="60" type="cond" truecount="4" falsecount="0"/>
      <line num="533" count="19" type="stmt"/>
      <line num="534" count="19" type="stmt"/>
      <line num="537" count="41" type="stmt"/>
      <line num="538" count="41" type="stmt"/>
      <line num="539" count="41" type="stmt"/>
      <line num="540" count="41" type="stmt"/>
      <line num="541" count="41" type="cond" truecount="1" falsecount="0"/>
      <line num="542" count="10" type="stmt"/>
      <line num="545" count="31" type="stmt"/>
      <line num="546" count="31" type="cond" truecount="1" falsecount="0"/>
      <line num="547" count="10" type="stmt"/>
      <line num="548" count="10" type="cond" truecount="1" falsecount="0"/>
      <line num="549" count="3" type="stmt"/>
      <line num="553" count="28" type="cond" truecount="3" falsecount="0"/>
      <line num="554" count="12" type="stmt"/>
      <line num="557" count="28" type="stmt"/>
      <line num="560" count="19" type="cond" truecount="1" falsecount="0"/>
      <line num="561" count="6" type="stmt"/>
      <line num="563" count="13" type="stmt"/>
      <line num="565" count="14" type="stmt"/>
      <line num="566" count="14" type="stmt"/>
      <line num="567" count="14" type="stmt"/>
      <line num="569" count="4" type="stmt"/>
      <line num="570" count="4" type="cond" truecount="1" falsecount="0"/>
      <line num="571" count="1" type="stmt"/>
      <line num="572" count="1" type="stmt"/>
      <line num="576" count="30174" type="cond" truecount="1" falsecount="0"/>
      <line num="577" count="71" type="stmt"/>
      <line num="579" count="30103" type="stmt"/>
      <line num="580" count="30103" type="stmt"/>
      <line num="584" count="10064" type="stmt"/>
      <line num="585" count="10064" type="stmt"/>
      <line num="586" count="10064" type="stmt"/>
      <line num="587" count="10064" type="stmt"/>
      <line num="592" count="51" type="stmt"/>
      <line num="598" count="51" type="cond" truecount="4" falsecount="0"/>
      <line num="599" count="12" type="stmt"/>
      <line num="600" count="12" type="stmt"/>
      <line num="603" count="39" type="cond" truecount="1" falsecount="0"/>
      <line num="604" count="8" type="stmt"/>
      <line num="605" count="8" type="cond" truecount="0" falsecount="1"/>
      <line num="606" count="0" type="stmt"/>
      <line num="607" count="0" type="stmt"/>
      <line num="613" count="39" type="stmt"/>
      <line num="614" count="39" type="stmt"/>
      <line num="615" count="39" type="cond" truecount="1" falsecount="0"/>
      <line num="616" count="1" type="stmt"/>
      <line num="619" count="39" type="stmt"/>
    </file>
    <file name="store.ts" path="/Users/oscb/Projects/segment/tsub-js/src/store.ts">
      <metrics statements="17" coveredstatements="17" conditionals="7" coveredconditionals="6" methods="3" coveredmethods="3"/>
      <line num="21" count="1" type="stmt"/>
      <line num="22" count="2" type="stmt"/>
      <line num="23" count="2" type="stmt"/>
      <line num="25" count="2" type="cond" truecount="0" falsecount="1"/>
      <line num="27" count="4" type="stmt"/>
      <line num="29" count="2" type="cond" truecount="2" falsecount="0"/>
      <line num="30" count="1" type="cond" truecount="1" falsecount="0"/>
      <line num="31" count="1" type="stmt"/>
      <line num="34" count="1" type="stmt"/>
      <line num="36" count="1" type="stmt"/>
      <line num="41" count="1" type="stmt"/>
      <line num="42" count="3" type="stmt"/>
      <line num="44" count="3" type="stmt"/>
      <line num="45" count="3" type="cond" truecount="3" falsecount="0"/>
      <line num="46" count="1" type="stmt"/>
      <line num="49" count="3" type="stmt"/>
      <line num="51" count="1" type="stmt"/>
    </file>
  </project>
</coverage>
