{"/Users/oscb/Projects/segment/tsub-js/src/index.ts": {"path":"/Users/oscb/Projects/segment/tsub-js/src/index.ts","statementMap":{"0":{"start":{"line":1,"column":0},"end":{"line":1,"column":9}},"1":{"start":{"line":1,"column":9},"end":{"line":1,"column":29}},"2":{"start":{"line":2,"column":0},"end":{"line":2,"column":9}},"3":{"start":{"line":2,"column":9},"end":{"line":2,"column":27}},"4":{"start":{"line":2,"column":29},"end":{"line":2,"column":65}},"5":{"start":{"line":3,"column":0},"end":{"line":3,"column":9}},"6":{"start":{"line":3,"column":9},"end":{"line":3,"column":25}}},"fnMap":{"0":{"name":"(anonymous_1)","decl":{"start":{"line":1,"column":9},"end":{"line":1,"column":16}},"loc":{"start":{"line":1,"column":9},"end":{"line":1,"column":29}}},"1":{"name":"(anonymous_2)","decl":{"start":{"line":2,"column":9},"end":{"line":2,"column":16}},"loc":{"start":{"line":2,"column":9},"end":{"line":2,"column":27}}},"2":{"name":"(anonymous_3)","decl":{"start":{"line":2,"column":29},"end":{"line":2,"column":45}},"loc":{"start":{"line":2,"column":29},"end":{"line":2,"column":65}}},"3":{"name":"(anonymous_4)","decl":{"start":{"line":3,"column":9},"end":{"line":3,"column":16}},"loc":{"start":{"line":3,"column":9},"end":{"line":3,"column":25}}}},"branchMap":{},"s":{"0":1,"1":4,"2":1,"3":6,"4":1,"5":1,"6":3},"f":{"0":3,"1":5,"2":0,"3":2},"b":{}}
,"/Users/oscb/Projects/segment/tsub-js/src/matchers.ts": {"path":"/Users/oscb/Projects/segment/tsub-js/src/matchers.ts","statementMap":{"0":{"start":{"line":2,"column":0},"end":{"line":2,"column":21}},"1":{"start":{"line":5,"column":2},"end":{"line":5,"column":null}},"2":{"start":{"line":4,"column":0},"end":{"line":4,"column":24}},"3":{"start":{"line":9,"column":2},"end":{"line":11,"column":null}},"4":{"start":{"line":10,"column":4},"end":{"line":10,"column":null}},"5":{"start":{"line":13,"column":2},"end":{"line":20,"column":null}},"6":{"start":{"line":15,"column":6},"end":{"line":15,"column":null}},"7":{"start":{"line":17,"column":6},"end":{"line":17,"column":null}},"8":{"start":{"line":19,"column":6},"end":{"line":19,"column":null}},"9":{"start":{"line":8,"column":0},"end":{"line":8,"column":16}},"10":{"start":{"line":24,"column":2},"end":{"line":24,"column":null}},"11":{"start":{"line":28,"column":2},"end":{"line":30,"column":null}},"12":{"start":{"line":29,"column":4},"end":{"line":29,"column":null}},"13":{"start":{"line":29,"column":17},"end":{"line":29,"column":null}},"14":{"start":{"line":32,"column":2},"end":{"line":36,"column":null}},"15":{"start":{"line":33,"column":4},"end":{"line":33,"column":null}},"16":{"start":{"line":35,"column":4},"end":{"line":35,"column":null}},"17":{"start":{"line":38,"column":20},"end":{"line":38,"column":41}},"18":{"start":{"line":39,"column":2},"end":{"line":41,"column":null}},"19":{"start":{"line":40,"column":4},"end":{"line":40,"column":null}},"20":{"start":{"line":40,"column":22},"end":{"line":40,"column":null}},"21":{"start":{"line":42,"column":2},"end":{"line":42,"column":null}},"22":{"start":{"line":42,"column":15},"end":{"line":42,"column":null}},"23":{"start":{"line":46,"column":2},"end":{"line":48,"column":null}},"24":{"start":{"line":47,"column":4},"end":{"line":47,"column":null}},"25":{"start":{"line":47,"column":17},"end":{"line":47,"column":null}},"26":{"start":{"line":50,"column":2},"end":{"line":54,"column":null}},"27":{"start":{"line":51,"column":4},"end":{"line":51,"column":null}},"28":{"start":{"line":53,"column":4},"end":{"line":53,"column":null}},"29":{"start":{"line":56,"column":20},"end":{"line":56,"column":41}},"30":{"start":{"line":57,"column":2},"end":{"line":59,"column":null}},"31":{"start":{"line":58,"column":4},"end":{"line":58,"column":null}},"32":{"start":{"line":58,"column":22},"end":{"line":58,"column":null}},"33":{"start":{"line":60,"column":2},"end":{"line":60,"column":null}},"34":{"start":{"line":60,"column":15},"end":{"line":60,"column":null}},"35":{"start":{"line":45,"column":0},"end":{"line":45,"column":16}},"36":{"start":{"line":75,"column":2},"end":{"line":77,"column":null}},"37":{"start":{"line":76,"column":4},"end":{"line":76,"column":null}},"38":{"start":{"line":76,"column":27},"end":{"line":76,"column":null}},"39":{"start":{"line":79,"column":15},"end":{"line":79,"column":20}},"40":{"start":{"line":81,"column":2},"end":{"line":185,"column":null}},"41":{"start":{"line":85,"column":17},"end":{"line":85,"column":41}},"42":{"start":{"line":86,"column":6},"end":{"line":92,"column":null}},"43":{"start":{"line":87,"column":8},"end":{"line":89,"column":null}},"44":{"start":{"line":88,"column":10},"end":{"line":88,"column":null}},"45":{"start":{"line":91,"column":8},"end":{"line":91,"column":null}},"46":{"start":{"line":96,"column":36},"end":{"line":96,"column":38}},"47":{"start":{"line":97,"column":6},"end":{"line":99,"column":null}},"48":{"start":{"line":97,"column":19},"end":{"line":97,"column":20}},"49":{"start":{"line":98,"column":8},"end":{"line":98,"column":null}},"50":{"start":{"line":100,"column":6},"end":{"line":111,"column":null}},"51":{"start":{"line":101,"column":8},"end":{"line":109,"column":null}},"52":{"start":{"line":101,"column":25},"end":{"line":101,"column":30}},"53":{"start":{"line":101,"column":21},"end":{"line":101,"column":25}},"54":{"start":{"line":102,"column":10},"end":{"line":108,"column":null}},"55":{"start":{"line":103,"column":12},"end":{"line":105,"column":null}},"56":{"start":{"line":104,"column":14},"end":{"line":104,"column":null}},"57":{"start":{"line":107,"column":12},"end":{"line":107,"column":null}},"58":{"start":{"line":107,"column":20},"end":{"line":107,"column":null}},"59":{"start":{"line":110,"column":8},"end":{"line":110,"column":null}},"60":{"start":{"line":115,"column":37},"end":{"line":115,"column":39}},"61":{"start":{"line":116,"column":6},"end":{"line":118,"column":null}},"62":{"start":{"line":116,"column":19},"end":{"line":116,"column":20}},"63":{"start":{"line":117,"column":8},"end":{"line":117,"column":null}},"64":{"start":{"line":119,"column":6},"end":{"line":132,"column":null}},"65":{"start":{"line":120,"column":8},"end":{"line":130,"column":null}},"66":{"start":{"line":120,"column":25},"end":{"line":120,"column":31}},"67":{"start":{"line":120,"column":21},"end":{"line":120,"column":25}},"68":{"start":{"line":121,"column":10},"end":{"line":129,"column":null}},"69":{"start":{"line":122,"column":12},"end":{"line":124,"column":null}},"70":{"start":{"line":123,"column":14},"end":{"line":123,"column":null}},"71":{"start":{"line":126,"column":12},"end":{"line":128,"column":null}},"72":{"start":{"line":127,"column":14},"end":{"line":127,"column":null}},"73":{"start":{"line":131,"column":8},"end":{"line":131,"column":null}},"74":{"start":{"line":137,"column":6},"end":{"line":137,"column":null}},"75":{"start":{"line":144,"column":6},"end":{"line":144,"column":null}},"76":{"start":{"line":147,"column":6},"end":{"line":149,"column":null}},"77":{"start":{"line":148,"column":8},"end":{"line":148,"column":null}},"78":{"start":{"line":154,"column":6},"end":{"line":156,"column":null}},"79":{"start":{"line":155,"column":8},"end":{"line":155,"column":null}},"80":{"start":{"line":159,"column":6},"end":{"line":161,"column":null}},"81":{"start":{"line":160,"column":8},"end":{"line":160,"column":null}},"82":{"start":{"line":164,"column":6},"end":{"line":170,"column":null}},"83":{"start":{"line":165,"column":23},"end":{"line":165,"column":45}},"84":{"start":{"line":166,"column":8},"end":{"line":168,"column":null}},"85":{"start":{"line":167,"column":10},"end":{"line":167,"column":null}},"86":{"start":{"line":169,"column":8},"end":{"line":169,"column":null}},"87":{"start":{"line":174,"column":6},"end":{"line":176,"column":null}},"88":{"start":{"line":175,"column":8},"end":{"line":175,"column":null}},"89":{"start":{"line":179,"column":6},"end":{"line":181,"column":null}},"90":{"start":{"line":180,"column":8},"end":{"line":180,"column":null}},"91":{"start":{"line":184,"column":6},"end":{"line":184,"column":null}},"92":{"start":{"line":190,"column":2},"end":{"line":192,"column":null}},"93":{"start":{"line":191,"column":4},"end":{"line":191,"column":null}},"94":{"start":{"line":195,"column":2},"end":{"line":197,"column":null}},"95":{"start":{"line":196,"column":4},"end":{"line":196,"column":null}},"96":{"start":{"line":200,"column":2},"end":{"line":200,"column":null}},"97":{"start":{"line":204,"column":2},"end":{"line":204,"column":null}},"98":{"start":{"line":204,"column":27},"end":{"line":204,"column":56}},"99":{"start":{"line":212,"column":2},"end":{"line":220,"column":null}},"100":{"start":{"line":213,"column":4},"end":{"line":217,"column":null}},"101":{"start":{"line":214,"column":6},"end":{"line":214,"column":null}},"102":{"start":{"line":216,"column":6},"end":{"line":216,"column":null}},"103":{"start":{"line":216,"column":29},"end":{"line":216,"column":null}},"104":{"start":{"line":219,"column":4},"end":{"line":219,"column":null}},"105":{"start":{"line":222,"column":2},"end":{"line":230,"column":null}},"106":{"start":{"line":223,"column":4},"end":{"line":227,"column":null}},"107":{"start":{"line":224,"column":6},"end":{"line":224,"column":null}},"108":{"start":{"line":226,"column":6},"end":{"line":226,"column":null}},"109":{"start":{"line":226,"column":30},"end":{"line":226,"column":null}},"110":{"start":{"line":229,"column":4},"end":{"line":229,"column":null}},"111":{"start":{"line":234,"column":2},"end":{"line":253,"column":null}},"112":{"start":{"line":237,"column":6},"end":{"line":237,"column":null}},"113":{"start":{"line":237,"column":21},"end":{"line":237,"column":null}},"114":{"start":{"line":238,"column":6},"end":{"line":238,"column":11}},"115":{"start":{"line":241,"column":6},"end":{"line":241,"column":null}},"116":{"start":{"line":241,"column":21},"end":{"line":241,"column":null}},"117":{"start":{"line":242,"column":6},"end":{"line":242,"column":11}},"118":{"start":{"line":245,"column":6},"end":{"line":245,"column":null}},"119":{"start":{"line":245,"column":21},"end":{"line":245,"column":null}},"120":{"start":{"line":246,"column":6},"end":{"line":246,"column":11}},"121":{"start":{"line":249,"column":6},"end":{"line":249,"column":null}},"122":{"start":{"line":249,"column":21},"end":{"line":249,"column":null}},"123":{"start":{"line":250,"column":6},"end":{"line":250,"column":11}},"124":{"start":{"line":252,"column":6},"end":{"line":252,"column":null}},"125":{"start":{"line":255,"column":2},"end":{"line":275,"column":null}},"126":{"start":{"line":258,"column":4},"end":{"line":262,"column":null}},"127":{"start":{"line":259,"column":6},"end":{"line":259,"column":null}},"128":{"start":{"line":261,"column":6},"end":{"line":261,"column":null}},"129":{"start":{"line":264,"column":4},"end":{"line":268,"column":null}},"130":{"start":{"line":265,"column":6},"end":{"line":265,"column":null}},"131":{"start":{"line":267,"column":6},"end":{"line":267,"column":null}},"132":{"start":{"line":270,"column":4},"end":{"line":272,"column":null}},"133":{"start":{"line":271,"column":6},"end":{"line":271,"column":null}},"134":{"start":{"line":274,"column":4},"end":{"line":274,"column":null}},"135":{"start":{"line":283,"column":2},"end":{"line":291,"column":null}},"136":{"start":{"line":284,"column":4},"end":{"line":288,"column":null}},"137":{"start":{"line":285,"column":6},"end":{"line":285,"column":null}},"138":{"start":{"line":287,"column":6},"end":{"line":287,"column":null}},"139":{"start":{"line":287,"column":29},"end":{"line":287,"column":null}},"140":{"start":{"line":290,"column":4},"end":{"line":290,"column":null}},"141":{"start":{"line":293,"column":2},"end":{"line":301,"column":null}},"142":{"start":{"line":294,"column":4},"end":{"line":298,"column":null}},"143":{"start":{"line":295,"column":6},"end":{"line":295,"column":null}},"144":{"start":{"line":297,"column":6},"end":{"line":297,"column":null}},"145":{"start":{"line":297,"column":30},"end":{"line":297,"column":null}},"146":{"start":{"line":300,"column":4},"end":{"line":300,"column":null}},"147":{"start":{"line":308,"column":2},"end":{"line":319,"column":null}},"148":{"start":{"line":311,"column":6},"end":{"line":311,"column":null}},"149":{"start":{"line":311,"column":28},"end":{"line":311,"column":null}},"150":{"start":{"line":312,"column":6},"end":{"line":312,"column":11}},"151":{"start":{"line":315,"column":6},"end":{"line":315,"column":null}},"152":{"start":{"line":315,"column":28},"end":{"line":315,"column":null}},"153":{"start":{"line":316,"column":6},"end":{"line":316,"column":11}},"154":{"start":{"line":318,"column":6},"end":{"line":318,"column":null}},"155":{"start":{"line":321,"column":2},"end":{"line":342,"column":null}},"156":{"start":{"line":324,"column":4},"end":{"line":328,"column":null}},"157":{"start":{"line":325,"column":6},"end":{"line":325,"column":null}},"158":{"start":{"line":327,"column":6},"end":{"line":327,"column":null}},"159":{"start":{"line":330,"column":4},"end":{"line":334,"column":null}},"160":{"start":{"line":331,"column":6},"end":{"line":331,"column":null}},"161":{"start":{"line":333,"column":6},"end":{"line":333,"column":null}},"162":{"start":{"line":336,"column":4},"end":{"line":339,"column":null}},"163":{"start":{"line":337,"column":6},"end":{"line":337,"column":null}},"164":{"start":{"line":338,"column":6},"end":{"line":338,"column":null}},"165":{"start":{"line":341,"column":4},"end":{"line":341,"column":null}},"166":{"start":{"line":346,"column":2},"end":{"line":348,"column":null}},"167":{"start":{"line":347,"column":4},"end":{"line":347,"column":null}},"168":{"start":{"line":350,"column":2},"end":{"line":350,"column":null}},"169":{"start":{"line":354,"column":2},"end":{"line":356,"column":null}},"170":{"start":{"line":355,"column":4},"end":{"line":355,"column":null}},"171":{"start":{"line":358,"column":2},"end":{"line":358,"column":null}},"172":{"start":{"line":363,"column":2},"end":{"line":365,"column":null}},"173":{"start":{"line":364,"column":4},"end":{"line":364,"column":null}},"174":{"start":{"line":368,"column":2},"end":{"line":370,"column":null}},"175":{"start":{"line":369,"column":4},"end":{"line":369,"column":null}},"176":{"start":{"line":372,"column":2},"end":{"line":372,"column":null}},"177":{"start":{"line":379,"column":2},"end":{"line":381,"column":null}},"178":{"start":{"line":380,"column":4},"end":{"line":380,"column":null}},"179":{"start":{"line":384,"column":2},"end":{"line":389,"column":null}},"180":{"start":{"line":388,"column":4},"end":{"line":388,"column":null}},"181":{"start":{"line":391,"column":2},"end":{"line":393,"column":null}},"182":{"start":{"line":392,"column":4},"end":{"line":392,"column":null}},"183":{"start":{"line":395,"column":2},"end":{"line":395,"column":null}},"184":{"start":{"line":399,"column":2},"end":{"line":401,"column":null}},"185":{"start":{"line":400,"column":4},"end":{"line":400,"column":null}},"186":{"start":{"line":403,"column":2},"end":{"line":403,"column":null}},"187":{"start":{"line":411,"column":2},"end":{"line":455,"column":null}},"188":{"start":{"line":411,"column":11},"end":{"line":455,"column":null}},"189":{"start":{"line":412,"column":12},"end":{"line":412,"column":null}},"190":{"start":{"line":413,"column":13},"end":{"line":413,"column":null}},"191":{"start":{"line":414,"column":5},"end":{"line":414,"column":null}},"192":{"start":{"line":415,"column":4},"end":{"line":418,"column":null}},"193":{"start":{"line":417,"column":6},"end":{"line":417,"column":null}},"194":{"start":{"line":421,"column":25},"end":{"line":421,"column":47}},"195":{"start":{"line":421,"column":11},"end":{"line":421,"column":13}},"196":{"start":{"line":421,"column":15},"end":{"line":421,"column":17}},"197":{"start":{"line":421,"column":20},"end":{"line":421,"column":25}},"198":{"start":{"line":422,"column":4},"end":{"line":424,"column":null}},"199":{"start":{"line":423,"column":6},"end":{"line":423,"column":null}},"200":{"start":{"line":429,"column":4},"end":{"line":432,"column":null}},"201":{"start":{"line":430,"column":6},"end":{"line":430,"column":null}},"202":{"start":{"line":431,"column":6},"end":{"line":431,"column":14}},"203":{"start":{"line":434,"column":4},"end":{"line":452,"column":null}},"204":{"start":{"line":436,"column":6},"end":{"line":451,"column":null}},"205":{"start":{"line":436,"column":19},"end":{"line":436,"column":20}},"206":{"start":{"line":437,"column":9},"end":{"line":437,"column":null}},"207":{"start":{"line":438,"column":8},"end":{"line":446,"column":null}},"208":{"start":{"line":440,"column":10},"end":{"line":442,"column":null}},"209":{"start":{"line":441,"column":12},"end":{"line":441,"column":20}},"210":{"start":{"line":444,"column":10},"end":{"line":444,"column":null}},"211":{"start":{"line":445,"column":10},"end":{"line":445,"column":null}},"212":{"start":{"line":448,"column":8},"end":{"line":450,"column":null}},"213":{"start":{"line":449,"column":10},"end":{"line":449,"column":null}},"214":{"start":{"line":454,"column":4},"end":{"line":454,"column":null}},"215":{"start":{"line":457,"column":2},"end":{"line":457,"column":null}},"216":{"start":{"line":461,"column":17},"end":{"line":465,"column":null}},"217":{"start":{"line":467,"column":2},"end":{"line":470,"column":null}},"218":{"start":{"line":468,"column":4},"end":{"line":468,"column":null}},"219":{"start":{"line":469,"column":4},"end":{"line":469,"column":null}},"220":{"start":{"line":472,"column":16},"end":{"line":472,"column":21}},"221":{"start":{"line":475,"column":2},"end":{"line":494,"column":null}},"222":{"start":{"line":475,"column":8},"end":{"line":494,"column":null}},"223":{"start":{"line":476,"column":4},"end":{"line":493,"column":null}},"224":{"start":{"line":479,"column":8},"end":{"line":481,"column":null}},"225":{"start":{"line":480,"column":10},"end":{"line":480,"column":null}},"226":{"start":{"line":482,"column":8},"end":{"line":482,"column":13}},"227":{"start":{"line":484,"column":8},"end":{"line":484,"column":null}},"228":{"start":{"line":485,"column":8},"end":{"line":485,"column":13}},"229":{"start":{"line":487,"column":8},"end":{"line":487,"column":null}},"230":{"start":{"line":488,"column":8},"end":{"line":488,"column":13}},"231":{"start":{"line":490,"column":8},"end":{"line":492,"column":null}},"232":{"start":{"line":491,"column":10},"end":{"line":491,"column":null}},"233":{"start":{"line":496,"column":2},"end":{"line":496,"column":null}},"234":{"start":{"line":497,"column":2},"end":{"line":497,"column":null}},"235":{"start":{"line":498,"column":2},"end":{"line":498,"column":null}},"236":{"start":{"line":505,"column":17},"end":{"line":509,"column":null}},"237":{"start":{"line":511,"column":2},"end":{"line":582,"column":null}},"238":{"start":{"line":512,"column":4},"end":{"line":514,"column":null}},"239":{"start":{"line":513,"column":6},"end":{"line":513,"column":null}},"240":{"start":{"line":516,"column":4},"end":{"line":581,"column":null}},"241":{"start":{"line":518,"column":21},"end":{"line":518,"column":27}},"242":{"start":{"line":519,"column":8},"end":{"line":519,"column":null}},"243":{"start":{"line":520,"column":8},"end":{"line":520,"column":null}},"244":{"start":{"line":522,"column":25},"end":{"line":522,"column":29}},"245":{"start":{"line":523,"column":8},"end":{"line":526,"column":null}},"246":{"start":{"line":524,"column":10},"end":{"line":524,"column":null}},"247":{"start":{"line":525,"column":10},"end":{"line":525,"column":null}},"248":{"start":{"line":529,"column":25},"end":{"line":529,"column":30}},"249":{"start":{"line":530,"column":21},"end":{"line":530,"column":22}},"250":{"start":{"line":531,"column":8},"end":{"line":558,"column":null}},"251":{"start":{"line":532,"column":10},"end":{"line":535,"column":null}},"252":{"start":{"line":533,"column":12},"end":{"line":533,"column":null}},"253":{"start":{"line":534,"column":12},"end":{"line":534,"column":17}},"254":{"start":{"line":537,"column":19},"end":{"line":537,"column":21}},"255":{"start":{"line":538,"column":19},"end":{"line":538,"column":21}},"256":{"start":{"line":539,"column":17},"end":{"line":539,"column":null}},"257":{"start":{"line":540,"column":11},"end":{"line":540,"column":null}},"258":{"start":{"line":541,"column":10},"end":{"line":543,"column":null}},"259":{"start":{"line":542,"column":12},"end":{"line":542,"column":null}},"260":{"start":{"line":545,"column":10},"end":{"line":545,"column":null}},"261":{"start":{"line":546,"column":10},"end":{"line":551,"column":null}},"262":{"start":{"line":547,"column":13},"end":{"line":547,"column":null}},"263":{"start":{"line":548,"column":12},"end":{"line":550,"column":null}},"264":{"start":{"line":549,"column":14},"end":{"line":549,"column":null}},"265":{"start":{"line":553,"column":10},"end":{"line":555,"column":null}},"266":{"start":{"line":554,"column":12},"end":{"line":554,"column":null}},"267":{"start":{"line":557,"column":10},"end":{"line":557,"column":null}},"268":{"start":{"line":560,"column":8},"end":{"line":562,"column":null}},"269":{"start":{"line":561,"column":10},"end":{"line":561,"column":null}},"270":{"start":{"line":563,"column":8},"end":{"line":563,"column":13}},"271":{"start":{"line":565,"column":8},"end":{"line":565,"column":null}},"272":{"start":{"line":566,"column":8},"end":{"line":566,"column":null}},"273":{"start":{"line":567,"column":8},"end":{"line":567,"column":13}},"274":{"start":{"line":569,"column":8},"end":{"line":569,"column":null}},"275":{"start":{"line":570,"column":8},"end":{"line":573,"column":null}},"276":{"start":{"line":571,"column":10},"end":{"line":571,"column":null}},"277":{"start":{"line":572,"column":10},"end":{"line":572,"column":null}},"278":{"start":{"line":576,"column":8},"end":{"line":578,"column":null}},"279":{"start":{"line":577,"column":10},"end":{"line":577,"column":null}},"280":{"start":{"line":579,"column":8},"end":{"line":579,"column":null}},"281":{"start":{"line":580,"column":8},"end":{"line":580,"column":null}},"282":{"start":{"line":584,"column":2},"end":{"line":584,"column":null}},"283":{"start":{"line":585,"column":2},"end":{"line":585,"column":null}},"284":{"start":{"line":586,"column":2},"end":{"line":586,"column":null}},"285":{"start":{"line":587,"column":2},"end":{"line":587,"column":null}},"286":{"start":{"line":592,"column":17},"end":{"line":596,"column":null}},"287":{"start":{"line":598,"column":2},"end":{"line":601,"column":null}},"288":{"start":{"line":599,"column":4},"end":{"line":599,"column":null}},"289":{"start":{"line":600,"column":4},"end":{"line":600,"column":null}},"290":{"start":{"line":603,"column":2},"end":{"line":609,"column":null}},"291":{"start":{"line":604,"column":4},"end":{"line":604,"column":null}},"292":{"start":{"line":605,"column":4},"end":{"line":608,"column":null}},"293":{"start":{"line":606,"column":6},"end":{"line":606,"column":null}},"294":{"start":{"line":607,"column":6},"end":{"line":607,"column":null}},"295":{"start":{"line":613,"column":2},"end":{"line":613,"column":null}},"296":{"start":{"line":614,"column":2},"end":{"line":614,"column":null}},"297":{"start":{"line":615,"column":2},"end":{"line":617,"column":null}},"298":{"start":{"line":616,"column":4},"end":{"line":616,"column":null}},"299":{"start":{"line":619,"column":2},"end":{"line":619,"column":null}}},"fnMap":{"0":{"name":"matches","decl":{"start":{"line":4,"column":24},"end":{"line":4,"column":31}},"loc":{"start":{"line":4,"column":70},"end":{"line":6,"column":1}}},"1":{"name":"getMatchFunction","decl":{"start":{"line":8,"column":16},"end":{"line":8,"column":32}},"loc":{"start":{"line":8,"column":55},"end":{"line":21,"column":1}}},"2":{"name":"all","decl":{"start":{"line":23,"column":9},"end":{"line":23,"column":12}},"loc":{"start":{"line":23,"column":12},"end":{"line":25,"column":1}}},"3":{"name":"fql","decl":{"start":{"line":27,"column":9},"end":{"line":27,"column":12}},"loc":{"start":{"line":27,"column":36},"end":{"line":43,"column":1}}},"4":{"name":"(anonymous_5)","decl":{"start":{"line":29,"column":11},"end":{"line":29,"column":17}},"loc":{"start":{"line":29,"column":11},"end":{"line":29,"column":22}}},"5":{"name":"(anonymous_6)","decl":{"start":{"line":40,"column":11},"end":{"line":40,"column":12}},"loc":{"start":{"line":40,"column":17},"end":{"line":40,"column":23}}},"6":{"name":"(anonymous_7)","decl":{"start":{"line":42,"column":9},"end":{"line":42,"column":15}},"loc":{"start":{"line":42,"column":9},"end":{"line":42,"column":16}}},"7":{"name":"generateFQLEval","decl":{"start":{"line":45,"column":16},"end":{"line":45,"column":31}},"loc":{"start":{"line":45,"column":55},"end":{"line":61,"column":1}}},"8":{"name":"(anonymous_9)","decl":{"start":{"line":47,"column":11},"end":{"line":47,"column":17}},"loc":{"start":{"line":47,"column":11},"end":{"line":47,"column":22}}},"9":{"name":"(anonymous_10)","decl":{"start":{"line":58,"column":11},"end":{"line":58,"column":12}},"loc":{"start":{"line":58,"column":17},"end":{"line":58,"column":23}}},"10":{"name":"(anonymous_11)","decl":{"start":{"line":60,"column":9},"end":{"line":60,"column":15}},"loc":{"start":{"line":60,"column":9},"end":{"line":60,"column":16}}},"11":{"name":"generateEvaluator","decl":{"start":{"line":73,"column":9},"end":{"line":73,"column":26}},"loc":{"start":{"line":73,"column":48},"end":{"line":186,"column":1}}},"12":{"name":"(anonymous_13)","decl":{"start":{"line":76,"column":11},"end":{"line":76,"column":12}},"loc":{"start":{"line":76,"column":22},"end":{"line":76,"column":35}}},"13":{"name":"(anonymous_14)","decl":{"start":{"line":87,"column":15},"end":{"line":87,"column":16}},"loc":{"start":{"line":87,"column":26},"end":{"line":89,"column":9}}},"14":{"name":"(anonymous_15)","decl":{"start":{"line":100,"column":13},"end":{"line":100,"column":14}},"loc":{"start":{"line":100,"column":24},"end":{"line":111,"column":7}}},"15":{"name":"(anonymous_16)","decl":{"start":{"line":119,"column":13},"end":{"line":119,"column":14}},"loc":{"start":{"line":119,"column":24},"end":{"line":132,"column":7}}},"16":{"name":"(anonymous_17)","decl":{"start":{"line":147,"column":13},"end":{"line":147,"column":14}},"loc":{"start":{"line":147,"column":19},"end":{"line":149,"column":7}}},"17":{"name":"(anonymous_18)","decl":{"start":{"line":154,"column":13},"end":{"line":154,"column":14}},"loc":{"start":{"line":154,"column":19},"end":{"line":156,"column":7}}},"18":{"name":"(anonymous_19)","decl":{"start":{"line":159,"column":13},"end":{"line":159,"column":14}},"loc":{"start":{"line":159,"column":19},"end":{"line":161,"column":7}}},"19":{"name":"(anonymous_20)","decl":{"start":{"line":164,"column":13},"end":{"line":164,"column":14}},"loc":{"start":{"line":164,"column":19},"end":{"line":170,"column":7}}},"20":{"name":"(anonymous_21)","decl":{"start":{"line":174,"column":13},"end":{"line":174,"column":14}},"loc":{"start":{"line":174,"column":19},"end":{"line":176,"column":7}}},"21":{"name":"(anonymous_22)","decl":{"start":{"line":179,"column":13},"end":{"line":179,"column":14}},"loc":{"start":{"line":179,"column":19},"end":{"line":181,"column":7}}},"22":{"name":"getValue","decl":{"start":{"line":188,"column":9},"end":{"line":188,"column":17}},"loc":{"start":{"line":188,"column":29},"end":{"line":201,"column":1}}},"23":{"name":"checkInList","decl":{"start":{"line":203,"column":9},"end":{"line":203,"column":20}},"loc":{"start":{"line":203,"column":38},"end":{"line":205,"column":1}}},"24":{"name":"(anonymous_25)","decl":{"start":{"line":204,"column":19},"end":{"line":204,"column":20}},"loc":{"start":{"line":204,"column":22},"end":{"line":204,"column":35}}},"25":{"name":"compareNumbersGenerator","decl":{"start":{"line":207,"column":9},"end":{"line":207,"column":32}},"loc":{"start":{"line":207,"column":56},"end":{"line":276,"column":1}}},"26":{"name":"(anonymous_27)","decl":{"start":{"line":216,"column":18},"end":{"line":216,"column":19}},"loc":{"start":{"line":216,"column":24},"end":{"line":216,"column":37}}},"27":{"name":"(anonymous_28)","decl":{"start":{"line":226,"column":19},"end":{"line":226,"column":20}},"loc":{"start":{"line":226,"column":25},"end":{"line":226,"column":38}}},"28":{"name":"(anonymous_29)","decl":{"start":{"line":237,"column":11},"end":{"line":237,"column":12}},"loc":{"start":{"line":237,"column":16},"end":{"line":237,"column":22}}},"29":{"name":"(anonymous_30)","decl":{"start":{"line":241,"column":11},"end":{"line":241,"column":12}},"loc":{"start":{"line":241,"column":16},"end":{"line":241,"column":22}}},"30":{"name":"(anonymous_31)","decl":{"start":{"line":245,"column":11},"end":{"line":245,"column":12}},"loc":{"start":{"line":245,"column":16},"end":{"line":245,"column":22}}},"31":{"name":"(anonymous_32)","decl":{"start":{"line":249,"column":11},"end":{"line":249,"column":12}},"loc":{"start":{"line":249,"column":16},"end":{"line":249,"column":22}}},"32":{"name":"(anonymous_33)","decl":{"start":{"line":255,"column":9},"end":{"line":255,"column":10}},"loc":{"start":{"line":255,"column":15},"end":{"line":275,"column":3}}},"33":{"name":"compareItemsGenerator","decl":{"start":{"line":278,"column":9},"end":{"line":278,"column":30}},"loc":{"start":{"line":278,"column":54},"end":{"line":343,"column":1}}},"34":{"name":"(anonymous_35)","decl":{"start":{"line":287,"column":18},"end":{"line":287,"column":19}},"loc":{"start":{"line":287,"column":24},"end":{"line":287,"column":37}}},"35":{"name":"(anonymous_36)","decl":{"start":{"line":297,"column":19},"end":{"line":297,"column":20}},"loc":{"start":{"line":297,"column":25},"end":{"line":297,"column":38}}},"36":{"name":"(anonymous_37)","decl":{"start":{"line":311,"column":18},"end":{"line":311,"column":19}},"loc":{"start":{"line":311,"column":23},"end":{"line":311,"column":29}}},"37":{"name":"(anonymous_38)","decl":{"start":{"line":315,"column":18},"end":{"line":315,"column":19}},"loc":{"start":{"line":315,"column":23},"end":{"line":315,"column":29}}},"38":{"name":"(anonymous_39)","decl":{"start":{"line":321,"column":9},"end":{"line":321,"column":10}},"loc":{"start":{"line":321,"column":15},"end":{"line":342,"column":3}}},"39":{"name":"contains","decl":{"start":{"line":345,"column":9},"end":{"line":345,"column":17}},"loc":{"start":{"line":345,"column":31},"end":{"line":351,"column":1}}},"40":{"name":"match","decl":{"start":{"line":353,"column":9},"end":{"line":353,"column":14}},"loc":{"start":{"line":353,"column":24},"end":{"line":359,"column":1}}},"41":{"name":"length","decl":{"start":{"line":361,"column":9},"end":{"line":361,"column":15}},"loc":{"start":{"line":361,"column":20},"end":{"line":373,"column":1}}},"42":{"name":"isIR","decl":{"start":{"line":377,"column":9},"end":{"line":377,"column":13}},"loc":{"start":{"line":377,"column":19},"end":{"line":396,"column":1}}},"43":{"name":"isStatic","decl":{"start":{"line":398,"column":9},"end":{"line":398,"column":17}},"loc":{"start":{"line":398,"column":44},"end":{"line":404,"column":1}}},"44":{"name":"globMatches","decl":{"start":{"line":410,"column":9},"end":{"line":410,"column":20}},"loc":{"start":{"line":410,"column":33},"end":{"line":458,"column":1}}},"45":{"name":"scanChunk","decl":{"start":{"line":460,"column":9},"end":{"line":460,"column":18}},"loc":{"start":{"line":460,"column":26},"end":{"line":499,"column":1}}},"46":{"name":"matchChunk","decl":{"start":{"line":504,"column":9},"end":{"line":504,"column":19}},"loc":{"start":{"line":504,"column":30},"end":{"line":588,"column":1}}},"47":{"name":"getEsc","decl":{"start":{"line":591,"column":9},"end":{"line":591,"column":15}},"loc":{"start":{"line":591,"column":21},"end":{"line":620,"column":1}}}},"branchMap":{"0":{"loc":{"start":{"line":9,"column":2},"end":{"line":11,"column":null}},"type":"if","locations":[{"start":{"line":9,"column":2},"end":{"line":11,"column":null}}]},"1":{"loc":{"start":{"line":14,"column":4},"end":{"line":15,"column":null}},"type":"switch","locations":[{"start":{"line":14,"column":4},"end":{"line":15,"column":null}},{"start":{"line":16,"column":4},"end":{"line":17,"column":null}},{"start":{"line":18,"column":4},"end":{"line":19,"column":null}}]},"2":{"loc":{"start":{"line":28,"column":2},"end":{"line":30,"column":null}},"type":"if","locations":[{"start":{"line":28,"column":2},"end":{"line":30,"column":null}}]},"3":{"loc":{"start":{"line":39,"column":2},"end":{"line":41,"column":null}},"type":"if","locations":[{"start":{"line":39,"column":2},"end":{"line":41,"column":null}}]},"4":{"loc":{"start":{"line":46,"column":2},"end":{"line":48,"column":null}},"type":"if","locations":[{"start":{"line":46,"column":2},"end":{"line":48,"column":null}}]},"5":{"loc":{"start":{"line":57,"column":2},"end":{"line":59,"column":null}},"type":"if","locations":[{"start":{"line":57,"column":2},"end":{"line":59,"column":null}}]},"6":{"loc":{"start":{"line":75,"column":2},"end":{"line":77,"column":null}},"type":"if","locations":[{"start":{"line":75,"column":2},"end":{"line":77,"column":null}}]},"7":{"loc":{"start":{"line":84,"column":4},"end":{"line":92,"column":null}},"type":"switch","locations":[{"start":{"line":84,"column":4},"end":{"line":92,"column":null}},{"start":{"line":95,"column":4},"end":{"line":111,"column":null}},{"start":{"line":114,"column":4},"end":{"line":132,"column":null}},{"start":{"line":135,"column":4},"end":{"line":135,"column":13}},{"start":{"line":136,"column":4},"end":{"line":137,"column":null}},{"start":{"line":139,"column":4},"end":{"line":139,"column":14}},{"start":{"line":140,"column":4},"end":{"line":140,"column":13}},{"start":{"line":141,"column":4},"end":{"line":141,"column":13}},{"start":{"line":142,"column":4},"end":{"line":144,"column":null}},{"start":{"line":146,"column":4},"end":{"line":149,"column":null}},{"start":{"line":153,"column":4},"end":{"line":156,"column":null}},{"start":{"line":158,"column":4},"end":{"line":161,"column":null}},{"start":{"line":163,"column":4},"end":{"line":170,"column":null}},{"start":{"line":172,"column":4},"end":{"line":176,"column":null}},{"start":{"line":178,"column":4},"end":{"line":181,"column":null}},{"start":{"line":183,"column":4},"end":{"line":184,"column":null}}]},"8":{"loc":{"start":{"line":86,"column":6},"end":{"line":92,"column":null}},"type":"if","locations":[{"start":{"line":86,"column":6},"end":{"line":92,"column":null}},{"start":{"line":90,"column":13},"end":{"line":92,"column":null}}]},"9":{"loc":{"start":{"line":102,"column":10},"end":{"line":108,"column":null}},"type":"if","locations":[{"start":{"line":102,"column":10},"end":{"line":108,"column":null}},{"start":{"line":106,"column":17},"end":{"line":108,"column":null}}]},"10":{"loc":{"start":{"line":103,"column":12},"end":{"line":105,"column":null}},"type":"if","locations":[{"start":{"line":103,"column":12},"end":{"line":105,"column":null}}]},"11":{"loc":{"start":{"line":107,"column":12},"end":{"line":107,"column":null}},"type":"if","locations":[{"start":{"line":107,"column":12},"end":{"line":107,"column":null}}]},"12":{"loc":{"start":{"line":121,"column":10},"end":{"line":129,"column":null}},"type":"if","locations":[{"start":{"line":121,"column":10},"end":{"line":129,"column":null}},{"start":{"line":125,"column":17},"end":{"line":129,"column":null}}]},"13":{"loc":{"start":{"line":122,"column":12},"end":{"line":124,"column":null}},"type":"if","locations":[{"start":{"line":122,"column":12},"end":{"line":124,"column":null}}]},"14":{"loc":{"start":{"line":126,"column":12},"end":{"line":128,"column":null}},"type":"if","locations":[{"start":{"line":126,"column":12},"end":{"line":128,"column":null}}]},"15":{"loc":{"start":{"line":166,"column":8},"end":{"line":168,"column":null}},"type":"if","locations":[{"start":{"line":166,"column":8},"end":{"line":168,"column":null}}]},"16":{"loc":{"start":{"line":190,"column":2},"end":{"line":192,"column":null}},"type":"if","locations":[{"start":{"line":190,"column":2},"end":{"line":192,"column":null}}]},"17":{"loc":{"start":{"line":195,"column":2},"end":{"line":197,"column":null}},"type":"if","locations":[{"start":{"line":195,"column":2},"end":{"line":197,"column":null}}]},"18":{"loc":{"start":{"line":212,"column":2},"end":{"line":220,"column":null}},"type":"if","locations":[{"start":{"line":212,"column":2},"end":{"line":220,"column":null}},{"start":{"line":218,"column":9},"end":{"line":220,"column":null}}]},"19":{"loc":{"start":{"line":213,"column":4},"end":{"line":217,"column":null}},"type":"if","locations":[{"start":{"line":213,"column":4},"end":{"line":217,"column":null}},{"start":{"line":215,"column":11},"end":{"line":217,"column":null}}]},"20":{"loc":{"start":{"line":222,"column":2},"end":{"line":230,"column":null}},"type":"if","locations":[{"start":{"line":222,"column":2},"end":{"line":230,"column":null}},{"start":{"line":228,"column":9},"end":{"line":230,"column":null}}]},"21":{"loc":{"start":{"line":223,"column":4},"end":{"line":227,"column":null}},"type":"if","locations":[{"start":{"line":223,"column":4},"end":{"line":227,"column":null}},{"start":{"line":225,"column":11},"end":{"line":227,"column":null}}]},"22":{"loc":{"start":{"line":236,"column":4},"end":{"line":238,"column":11}},"type":"switch","locations":[{"start":{"line":236,"column":4},"end":{"line":238,"column":11}},{"start":{"line":240,"column":4},"end":{"line":242,"column":11}},{"start":{"line":244,"column":4},"end":{"line":246,"column":11}},{"start":{"line":248,"column":4},"end":{"line":250,"column":11}},{"start":{"line":251,"column":4},"end":{"line":252,"column":null}}]},"23":{"loc":{"start":{"line":258,"column":4},"end":{"line":262,"column":null}},"type":"if","locations":[{"start":{"line":258,"column":4},"end":{"line":262,"column":null}},{"start":{"line":260,"column":11},"end":{"line":262,"column":null}}]},"24":{"loc":{"start":{"line":264,"column":4},"end":{"line":268,"column":null}},"type":"if","locations":[{"start":{"line":264,"column":4},"end":{"line":268,"column":null}},{"start":{"line":266,"column":11},"end":{"line":268,"column":null}}]},"25":{"loc":{"start":{"line":270,"column":4},"end":{"line":272,"column":null}},"type":"if","locations":[{"start":{"line":270,"column":4},"end":{"line":272,"column":null}}]},"26":{"loc":{"start":{"line":270,"column":8},"end":{"line":270,"column":29}},"type":"binary-expr","locations":[{"start":{"line":270,"column":8},"end":{"line":270,"column":29}},{"start":{"line":270,"column":33},"end":{"line":270,"column":54}}]},"27":{"loc":{"start":{"line":283,"column":2},"end":{"line":291,"column":null}},"type":"if","locations":[{"start":{"line":283,"column":2},"end":{"line":291,"column":null}},{"start":{"line":289,"column":9},"end":{"line":291,"column":null}}]},"28":{"loc":{"start":{"line":284,"column":4},"end":{"line":288,"column":null}},"type":"if","locations":[{"start":{"line":284,"column":4},"end":{"line":288,"column":null}},{"start":{"line":286,"column":11},"end":{"line":288,"column":null}}]},"29":{"loc":{"start":{"line":293,"column":2},"end":{"line":301,"column":null}},"type":"if","locations":[{"start":{"line":293,"column":2},"end":{"line":301,"column":null}},{"start":{"line":299,"column":9},"end":{"line":301,"column":null}}]},"30":{"loc":{"start":{"line":294,"column":4},"end":{"line":298,"column":null}},"type":"if","locations":[{"start":{"line":294,"column":4},"end":{"line":298,"column":null}},{"start":{"line":296,"column":11},"end":{"line":298,"column":null}}]},"31":{"loc":{"start":{"line":310,"column":4},"end":{"line":312,"column":11}},"type":"switch","locations":[{"start":{"line":310,"column":4},"end":{"line":312,"column":11}},{"start":{"line":314,"column":4},"end":{"line":316,"column":11}},{"start":{"line":317,"column":4},"end":{"line":318,"column":null}}]},"32":{"loc":{"start":{"line":324,"column":4},"end":{"line":328,"column":null}},"type":"if","locations":[{"start":{"line":324,"column":4},"end":{"line":328,"column":null}},{"start":{"line":326,"column":11},"end":{"line":328,"column":null}}]},"33":{"loc":{"start":{"line":330,"column":4},"end":{"line":334,"column":null}},"type":"if","locations":[{"start":{"line":330,"column":4},"end":{"line":334,"column":null}},{"start":{"line":332,"column":11},"end":{"line":334,"column":null}}]},"34":{"loc":{"start":{"line":336,"column":4},"end":{"line":339,"column":null}},"type":"if","locations":[{"start":{"line":336,"column":4},"end":{"line":339,"column":null}}]},"35":{"loc":{"start":{"line":336,"column":8},"end":{"line":336,"column":29}},"type":"binary-expr","locations":[{"start":{"line":336,"column":8},"end":{"line":336,"column":29}},{"start":{"line":336,"column":33},"end":{"line":336,"column":54}}]},"36":{"loc":{"start":{"line":346,"column":2},"end":{"line":348,"column":null}},"type":"if","locations":[{"start":{"line":346,"column":2},"end":{"line":348,"column":null}}]},"37":{"loc":{"start":{"line":346,"column":6},"end":{"line":346,"column":31}},"type":"binary-expr","locations":[{"start":{"line":346,"column":6},"end":{"line":346,"column":31}},{"start":{"line":346,"column":35},"end":{"line":346,"column":61}}]},"38":{"loc":{"start":{"line":354,"column":2},"end":{"line":356,"column":null}},"type":"if","locations":[{"start":{"line":354,"column":2},"end":{"line":356,"column":null}}]},"39":{"loc":{"start":{"line":354,"column":6},"end":{"line":354,"column":29}},"type":"binary-expr","locations":[{"start":{"line":354,"column":6},"end":{"line":354,"column":29}},{"start":{"line":354,"column":33},"end":{"line":354,"column":57}}]},"40":{"loc":{"start":{"line":363,"column":2},"end":{"line":365,"column":null}},"type":"if","locations":[{"start":{"line":363,"column":2},"end":{"line":365,"column":null}}]},"41":{"loc":{"start":{"line":368,"column":2},"end":{"line":370,"column":null}},"type":"if","locations":[{"start":{"line":368,"column":2},"end":{"line":370,"column":null}}]},"42":{"loc":{"start":{"line":368,"column":6},"end":{"line":368,"column":26}},"type":"binary-expr","locations":[{"start":{"line":368,"column":6},"end":{"line":368,"column":26}},{"start":{"line":368,"column":30},"end":{"line":368,"column":54}}]},"43":{"loc":{"start":{"line":379,"column":2},"end":{"line":381,"column":null}},"type":"if","locations":[{"start":{"line":379,"column":2},"end":{"line":381,"column":null}}]},"44":{"loc":{"start":{"line":384,"column":2},"end":{"line":389,"column":null}},"type":"if","locations":[{"start":{"line":384,"column":2},"end":{"line":389,"column":null}}]},"45":{"loc":{"start":{"line":385,"column":5},"end":{"line":385,"column":29}},"type":"binary-expr","locations":[{"start":{"line":385,"column":5},"end":{"line":385,"column":29}},{"start":{"line":385,"column":33},"end":{"line":385,"column":54}},{"start":{"line":385,"column":58},"end":{"line":385,"column":79}},{"start":{"line":386,"column":4},"end":{"line":386,"column":22}}]},"46":{"loc":{"start":{"line":391,"column":2},"end":{"line":393,"column":null}},"type":"if","locations":[{"start":{"line":391,"column":2},"end":{"line":393,"column":null}}]},"47":{"loc":{"start":{"line":391,"column":7},"end":{"line":391,"column":30}},"type":"binary-expr","locations":[{"start":{"line":391,"column":7},"end":{"line":391,"column":30}},{"start":{"line":391,"column":34},"end":{"line":391,"column":54}},{"start":{"line":391,"column":59},"end":{"line":391,"column":77}}]},"48":{"loc":{"start":{"line":399,"column":2},"end":{"line":401,"column":null}},"type":"if","locations":[{"start":{"line":399,"column":2},"end":{"line":401,"column":null}}]},"49":{"loc":{"start":{"line":399,"column":6},"end":{"line":399,"column":23}},"type":"binary-expr","locations":[{"start":{"line":399,"column":6},"end":{"line":399,"column":23}},{"start":{"line":399,"column":27},"end":{"line":399,"column":49}}]},"50":{"loc":{"start":{"line":415,"column":4},"end":{"line":418,"column":null}},"type":"if","locations":[{"start":{"line":415,"column":4},"end":{"line":418,"column":null}}]},"51":{"loc":{"start":{"line":415,"column":8},"end":{"line":415,"column":12}},"type":"binary-expr","locations":[{"start":{"line":415,"column":8},"end":{"line":415,"column":12}},{"start":{"line":415,"column":16},"end":{"line":415,"column":28}}]},"52":{"loc":{"start":{"line":422,"column":4},"end":{"line":424,"column":null}},"type":"if","locations":[{"start":{"line":422,"column":4},"end":{"line":424,"column":null}}]},"53":{"loc":{"start":{"line":429,"column":4},"end":{"line":432,"column":null}},"type":"if","locations":[{"start":{"line":429,"column":4},"end":{"line":432,"column":null}}]},"54":{"loc":{"start":{"line":429,"column":8},"end":{"line":429,"column":10}},"type":"binary-expr","locations":[{"start":{"line":429,"column":8},"end":{"line":429,"column":10}},{"start":{"line":429,"column":15},"end":{"line":429,"column":29}},{"start":{"line":429,"column":33},"end":{"line":429,"column":51}}]},"55":{"loc":{"start":{"line":434,"column":4},"end":{"line":452,"column":null}},"type":"if","locations":[{"start":{"line":434,"column":4},"end":{"line":452,"column":null}}]},"56":{"loc":{"start":{"line":438,"column":8},"end":{"line":446,"column":null}},"type":"if","locations":[{"start":{"line":438,"column":8},"end":{"line":446,"column":null}}]},"57":{"loc":{"start":{"line":440,"column":10},"end":{"line":442,"column":null}},"type":"if","locations":[{"start":{"line":440,"column":10},"end":{"line":442,"column":null}}]},"58":{"loc":{"start":{"line":440,"column":14},"end":{"line":440,"column":34}},"type":"binary-expr","locations":[{"start":{"line":440,"column":14},"end":{"line":440,"column":34}},{"start":{"line":440,"column":38},"end":{"line":440,"column":50}}]},"59":{"loc":{"start":{"line":448,"column":8},"end":{"line":450,"column":null}},"type":"if","locations":[{"start":{"line":448,"column":8},"end":{"line":450,"column":null}}]},"60":{"loc":{"start":{"line":467,"column":9},"end":{"line":467,"column":27}},"type":"binary-expr","locations":[{"start":{"line":467,"column":9},"end":{"line":467,"column":27}},{"start":{"line":467,"column":31},"end":{"line":467,"column":49}}]},"61":{"loc":{"start":{"line":477,"column":6},"end":{"line":482,"column":13}},"type":"switch","locations":[{"start":{"line":477,"column":6},"end":{"line":482,"column":13}},{"start":{"line":483,"column":6},"end":{"line":485,"column":13}},{"start":{"line":486,"column":6},"end":{"line":488,"column":13}},{"start":{"line":489,"column":6},"end":{"line":492,"column":null}}]},"62":{"loc":{"start":{"line":479,"column":8},"end":{"line":481,"column":null}},"type":"if","locations":[{"start":{"line":479,"column":8},"end":{"line":481,"column":null}}]},"63":{"loc":{"start":{"line":490,"column":8},"end":{"line":492,"column":null}},"type":"if","locations":[{"start":{"line":490,"column":8},"end":{"line":492,"column":null}}]},"64":{"loc":{"start":{"line":512,"column":4},"end":{"line":514,"column":null}},"type":"if","locations":[{"start":{"line":512,"column":4},"end":{"line":514,"column":null}}]},"65":{"loc":{"start":{"line":517,"column":6},"end":{"line":563,"column":13}},"type":"switch","locations":[{"start":{"line":517,"column":6},"end":{"line":563,"column":13}},{"start":{"line":564,"column":6},"end":{"line":567,"column":13}},{"start":{"line":568,"column":6},"end":{"line":573,"column":null}},{"start":{"line":575,"column":6},"end":{"line":580,"column":null}}]},"66":{"loc":{"start":{"line":523,"column":8},"end":{"line":526,"column":null}},"type":"if","locations":[{"start":{"line":523,"column":8},"end":{"line":526,"column":null}}]},"67":{"loc":{"start":{"line":523,"column":12},"end":{"line":523,"column":28}},"type":"binary-expr","locations":[{"start":{"line":523,"column":12},"end":{"line":523,"column":28}},{"start":{"line":523,"column":32},"end":{"line":523,"column":48}}]},"68":{"loc":{"start":{"line":532,"column":10},"end":{"line":535,"column":null}},"type":"if","locations":[{"start":{"line":532,"column":10},"end":{"line":535,"column":null}}]},"69":{"loc":{"start":{"line":532,"column":14},"end":{"line":532,"column":30}},"type":"binary-expr","locations":[{"start":{"line":532,"column":14},"end":{"line":532,"column":30}},{"start":{"line":532,"column":34},"end":{"line":532,"column":50}},{"start":{"line":532,"column":54},"end":{"line":532,"column":64}}]},"70":{"loc":{"start":{"line":541,"column":10},"end":{"line":543,"column":null}},"type":"if","locations":[{"start":{"line":541,"column":10},"end":{"line":543,"column":null}}]},"71":{"loc":{"start":{"line":546,"column":10},"end":{"line":551,"column":null}},"type":"if","locations":[{"start":{"line":546,"column":10},"end":{"line":551,"column":null}}]},"72":{"loc":{"start":{"line":548,"column":12},"end":{"line":550,"column":null}},"type":"if","locations":[{"start":{"line":548,"column":12},"end":{"line":550,"column":null}}]},"73":{"loc":{"start":{"line":553,"column":10},"end":{"line":555,"column":null}},"type":"if","locations":[{"start":{"line":553,"column":10},"end":{"line":555,"column":null}}]},"74":{"loc":{"start":{"line":553,"column":14},"end":{"line":553,"column":24}},"type":"binary-expr","locations":[{"start":{"line":553,"column":14},"end":{"line":553,"column":24}},{"start":{"line":553,"column":28},"end":{"line":553,"column":38}}]},"75":{"loc":{"start":{"line":560,"column":8},"end":{"line":562,"column":null}},"type":"if","locations":[{"start":{"line":560,"column":8},"end":{"line":562,"column":null}}]},"76":{"loc":{"start":{"line":570,"column":8},"end":{"line":573,"column":null}},"type":"if","locations":[{"start":{"line":570,"column":8},"end":{"line":573,"column":null}}]},"77":{"loc":{"start":{"line":576,"column":8},"end":{"line":578,"column":null}},"type":"if","locations":[{"start":{"line":576,"column":8},"end":{"line":578,"column":null}}]},"78":{"loc":{"start":{"line":598,"column":2},"end":{"line":601,"column":null}},"type":"if","locations":[{"start":{"line":598,"column":2},"end":{"line":601,"column":null}}]},"79":{"loc":{"start":{"line":598,"column":6},"end":{"line":598,"column":24}},"type":"binary-expr","locations":[{"start":{"line":598,"column":6},"end":{"line":598,"column":24}},{"start":{"line":598,"column":28},"end":{"line":598,"column":44}},{"start":{"line":598,"column":48},"end":{"line":598,"column":64}}]},"80":{"loc":{"start":{"line":603,"column":2},"end":{"line":609,"column":null}},"type":"if","locations":[{"start":{"line":603,"column":2},"end":{"line":609,"column":null}}]},"81":{"loc":{"start":{"line":605,"column":4},"end":{"line":608,"column":null}},"type":"if","locations":[{"start":{"line":605,"column":4},"end":{"line":608,"column":null}}]},"82":{"loc":{"start":{"line":615,"column":2},"end":{"line":617,"column":null}},"type":"if","locations":[{"start":{"line":615,"column":2},"end":{"line":617,"column":null}}]}},"s":{"0":2,"1":113,"2":2,"3":113,"4":0,"5":113,"6":1,"7":111,"8":1,"9":2,"10":1,"11":111,"12":1,"13":1,"14":110,"15":110,"16":1,"17":109,"18":108,"19":108,"20":108,"21":0,"22":0,"23":1,"24":0,"25":0,"26":1,"27":1,"28":0,"29":1,"30":1,"31":1,"32":10001,"33":0,"34":0,"35":2,"36":140,"37":21,"38":21,"39":119,"40":119,"41":0,"42":0,"43":0,"44":0,"45":0,"46":4,"47":4,"48":4,"49":10,"50":4,"51":10004,"52":20008,"53":20010,"54":20010,"55":20010,"56":10003,"57":0,"58":0,"59":1,"60":4,"61":4,"62":4,"63":13,"64":4,"65":10004,"66":20008,"67":50013,"68":50013,"69":50013,"70":1,"71":0,"72":0,"73":10003,"74":20,"75":10,"76":9,"77":9,"78":5,"79":10005,"80":59,"81":10059,"82":3,"83":10003,"84":10003,"85":0,"86":10003,"87":2,"88":2,"89":2,"90":2,"91":1,"92":80193,"93":0,"94":80193,"95":20174,"96":60019,"97":9,"98":14,"99":10,"100":0,"101":0,"102":0,"103":0,"104":10,"105":10,"106":0,"107":0,"108":0,"109":0,"110":10,"111":10,"112":3,"113":3,"114":3,"115":3,"116":3,"117":3,"118":2,"119":2,"120":2,"121":2,"122":2,"123":2,"124":0,"125":10,"126":10,"127":0,"128":10,"129":10,"130":0,"131":10,"132":10,"133":0,"134":10,"135":20,"136":6,"137":1,"138":5,"139":30005,"140":14,"141":20,"142":6,"143":6,"144":0,"145":0,"146":14,"147":20,"148":18,"149":40018,"150":18,"151":2,"152":2,"153":2,"154":0,"155":20,"156":40020,"157":40006,"158":14,"159":40020,"160":6,"161":40014,"162":40020,"163":4,"164":4,"165":40020,"166":10005,"167":0,"168":10005,"169":10059,"170":0,"171":10059,"172":2,"173":0,"174":2,"175":0,"176":2,"177":12,"178":5,"179":7,"180":7,"181":0,"182":0,"183":0,"184":60,"185":12,"186":48,"187":10059,"188":10059,"189":20094,"190":20094,"191":20094,"192":20094,"193":10007,"194":10087,"195":10087,"196":10087,"197":10087,"198":10087,"199":1,"200":10086,"201":10033,"202":10033,"203":53,"204":31,"205":31,"206":75,"207":75,"208":30,"209":3,"210":27,"211":27,"212":45,"213":0,"214":26,"215":25,"216":20094,"217":20094,"218":10042,"219":10042,"220":20094,"221":20094,"222":20094,"223":40272,"224":12,"225":11,"226":12,"227":34,"228":34,"229":30,"230":30,"231":10035,"232":10035,"233":20094,"234":20094,"235":20094,"236":10162,"237":10162,"238":30228,"239":7,"240":30221,"241":32,"242":32,"243":32,"244":32,"245":32,"246":8,"247":8,"248":32,"249":32,"250":32,"251":60,"252":19,"253":19,"254":41,"255":41,"256":41,"257":41,"258":41,"259":10,"260":31,"261":31,"262":10,"263":10,"264":3,"265":28,"266":12,"267":28,"268":19,"269":6,"270":13,"271":14,"272":14,"273":14,"274":4,"275":4,"276":1,"277":1,"278":30174,"279":71,"280":30103,"281":30103,"282":10064,"283":10064,"284":10064,"285":10064,"286":51,"287":51,"288":12,"289":12,"290":39,"291":8,"292":8,"293":0,"294":0,"295":39,"296":39,"297":39,"298":1,"299":39},"f":{"0":113,"1":113,"2":1,"3":111,"4":1,"5":108,"6":0,"7":1,"8":0,"9":10001,"10":0,"11":140,"12":21,"13":0,"14":10004,"15":10004,"16":9,"17":10005,"18":10059,"19":10003,"20":2,"21":2,"22":80193,"23":9,"24":14,"25":10,"26":0,"27":0,"28":3,"29":3,"30":2,"31":2,"32":10,"33":20,"34":30005,"35":0,"36":40018,"37":2,"38":40020,"39":10005,"40":10059,"41":2,"42":12,"43":60,"44":10059,"45":20094,"46":10162,"47":51},"b":{"0":[0],"1":[1,111,1],"2":[1],"3":[108],"4":[0],"5":[1],"6":[21],"7":[0,4,4,18,20,3,5,7,10,9,5,59,3,2,2,1],"8":[0,0],"9":[20010,0],"10":[10003],"11":[0],"12":[50013,0],"13":[1],"14":[0],"15":[0],"16":[0],"17":[20174],"18":[0,10],"19":[0,0],"20":[0,10],"21":[0,0],"22":[3,3,2,2,0],"23":[0,10],"24":[0,10],"25":[0],"26":[10,10],"27":[6,14],"28":[1,5],"29":[6,14],"30":[6,0],"31":[18,2,0],"32":[40006,14],"33":[6,40014],"34":[4],"35":[40020,4],"36":[0],"37":[10005,10005],"38":[0],"39":[10059,10059],"40":[0],"41":[0],"42":[2,2],"43":[5],"44":[7],"45":[7,4,2,7],"46":[0],"47":[0,0,0],"48":[12],"49":[60,53],"50":[10007],"51":[20094,10042],"52":[1],"53":[10033],"54":[10086,10034,10016],"55":[31],"56":[30],"57":[3],"58":[30,12],"59":[0],"60":[30136,20129],"61":[12,34,30,10035],"62":[11],"63":[10035],"64":[7],"65":[32,14,4,30174],"66":[8],"67":[32,30],"68":[19],"69":[60,57,20],"70":[10],"71":[10],"72":[3],"73":[12],"74":[28,20],"75":[6],"76":[1],"77":[71],"78":[12],"79":[51,48,43],"80":[8],"81":[0],"82":[1]}}
,"/Users/oscb/Projects/segment/tsub-js/src/store.ts": {"path":"/Users/oscb/Projects/segment/tsub-js/src/store.ts","statementMap":{"0":{"start":{"line":21,"column":0},"end":{"line":21,"column":null}},"1":{"start":{"line":25,"column":14},"end":{"line":25,"column":null}},"2":{"start":{"line":22,"column":19},"end":{"line":22,"column":null}},"3":{"start":{"line":23,"column":19},"end":{"line":23,"column":null}},"4":{"start":{"line":27,"column":4},"end":{"line":38,"column":null}},"5":{"start":{"line":27,"column":23},"end":{"line":27,"column":28}},"6":{"start":{"line":27,"column":19},"end":{"line":27,"column":23}},"7":{"start":{"line":29,"column":6},"end":{"line":37,"column":null}},"8":{"start":{"line":30,"column":8},"end":{"line":32,"column":null}},"9":{"start":{"line":31,"column":10},"end":{"line":31,"column":null}},"10":{"start":{"line":34,"column":8},"end":{"line":34,"column":null}},"11":{"start":{"line":36,"column":8},"end":{"line":36,"column":null}},"12":{"start":{"line":41,"column":9},"end":{"line":50,"column":null}},"13":{"start":{"line":42,"column":15},"end":{"line":42,"column":47}},"14":{"start":{"line":44,"column":29},"end":{"line":44,"column":69}},"15":{"start":{"line":45,"column":4},"end":{"line":47,"column":null}},"16":{"start":{"line":46,"column":6},"end":{"line":46,"column":37}},"17":{"start":{"line":49,"column":4},"end":{"line":49,"column":null}},"18":{"start":{"line":51,"column":0},"end":{"line":51,"column":null}}},"fnMap":{"0":{"name":"(anonymous_1)","decl":{"start":{"line":21,"column":0},"end":{"line":21,"column":null}},"loc":{"start":{"line":21,"column":0},"end":{"line":51,"column":null}}},"1":{"name":"Store","decl":{"start":{"line":25,"column":2},"end":{"line":25,"column":14}},"loc":{"start":{"line":25,"column":32},"end":{"line":39,"column":3}}},"2":{"name":"(anonymous_3)","decl":{"start":{"line":41,"column":2},"end":{"line":41,"column":9}},"loc":{"start":{"line":41,"column":58},"end":{"line":50,"column":3}}}},"branchMap":{"0":{"loc":{"start":{"line":25,"column":14},"end":{"line":25,"column":null}},"type":"if","locations":[{"start":{"line":25,"column":14},"end":{"line":25,"column":null}}]},"1":{"loc":{"start":{"line":29,"column":6},"end":{"line":37,"column":null}},"type":"if","locations":[{"start":{"line":29,"column":6},"end":{"line":37,"column":null}},{"start":{"line":35,"column":13},"end":{"line":37,"column":null}}]},"2":{"loc":{"start":{"line":30,"column":8},"end":{"line":32,"column":null}},"type":"if","locations":[{"start":{"line":30,"column":8},"end":{"line":32,"column":null}}]},"3":{"loc":{"start":{"line":45,"column":4},"end":{"line":47,"column":null}},"type":"if","locations":[{"start":{"line":45,"column":4},"end":{"line":47,"column":null}}]},"4":{"loc":{"start":{"line":45,"column":8},"end":{"line":45,"column":38}},"type":"binary-expr","locations":[{"start":{"line":45,"column":8},"end":{"line":45,"column":38}},{"start":{"line":45,"column":42},"end":{"line":45,"column":69}}]}},"s":{"0":1,"1":2,"2":2,"3":2,"4":2,"5":4,"6":2,"7":2,"8":1,"9":1,"10":1,"11":1,"12":1,"13":3,"14":3,"15":3,"16":1,"17":3,"18":1},"f":{"0":1,"1":2,"2":3},"b":{"0":[0],"1":[1,1],"2":[1],"3":[1],"4":[3,1]}}
}
