TN:
SF:src/index.ts
FN:1,(anonymous_1)
FN:2,(anonymous_2)
FN:2,(anonymous_3)
FN:3,(anonymous_4)
FNF:4
FNH:3
FNDA:3,(anonymous_1)
FNDA:5,(anonymous_2)
FNDA:0,(anonymous_3)
FNDA:2,(anonymous_4)
DA:1,4
DA:2,6
DA:3,3
LF:3
LH:3
BRF:0
BRH:0
end_of_record
TN:
SF:src/matchers.ts
FN:4,matches
FN:8,getMatchFunction
FN:23,all
FN:27,fql
FN:29,(anonymous_5)
FN:40,(anonymous_6)
FN:42,(anonymous_7)
FN:45,generateFQLEval
FN:47,(anonymous_9)
FN:58,(anonymous_10)
FN:60,(anonymous_11)
FN:73,generateEvaluator
FN:76,(anonymous_13)
FN:87,(anonymous_14)
FN:100,(anonymous_15)
FN:119,(anonymous_16)
FN:147,(anonymous_17)
FN:154,(anonymous_18)
FN:159,(anonymous_19)
FN:164,(anonymous_20)
FN:174,(anonymous_21)
FN:179,(anonymous_22)
FN:188,getValue
FN:203,checkInList
FN:204,(anonymous_25)
FN:207,compareNumbersGenerator
FN:216,(anonymous_27)
FN:226,(anonymous_28)
FN:237,(anonymous_29)
FN:241,(anonymous_30)
FN:245,(anonymous_31)
FN:249,(anonymous_32)
FN:255,(anonymous_33)
FN:278,compareItemsGenerator
FN:287,(anonymous_35)
FN:297,(anonymous_36)
FN:311,(anonymous_37)
FN:315,(anonymous_38)
FN:321,(anonymous_39)
FN:345,contains
FN:353,match
FN:361,length
FN:377,isIR
FN:398,isStatic
FN:410,globMatches
FN:460,scanChunk
FN:504,matchChunk
FN:591,getEsc
FNF:48
FNH:41
FNDA:113,matches
FNDA:113,getMatchFunction
FNDA:1,all
FNDA:111,fql
FNDA:1,(anonymous_5)
FNDA:108,(anonymous_6)
FNDA:0,(anonymous_7)
FNDA:1,generateFQLEval
FNDA:0,(anonymous_9)
FNDA:10001,(anonymous_10)
FNDA:0,(anonymous_11)
FNDA:140,generateEvaluator
FNDA:21,(anonymous_13)
FNDA:0,(anonymous_14)
FNDA:10004,(anonymous_15)
FNDA:10004,(anonymous_16)
FNDA:9,(anonymous_17)
FNDA:10005,(anonymous_18)
FNDA:10059,(anonymous_19)
FNDA:10003,(anonymous_20)
FNDA:2,(anonymous_21)
FNDA:2,(anonymous_22)
FNDA:80193,getValue
FNDA:9,checkInList
FNDA:14,(anonymous_25)
FNDA:10,compareNumbersGenerator
FNDA:0,(anonymous_27)
FNDA:0,(anonymous_28)
FNDA:3,(anonymous_29)
FNDA:3,(anonymous_30)
FNDA:2,(anonymous_31)
FNDA:2,(anonymous_32)
FNDA:10,(anonymous_33)
FNDA:20,compareItemsGenerator
FNDA:30005,(anonymous_35)
FNDA:0,(anonymous_36)
FNDA:40018,(anonymous_37)
FNDA:2,(anonymous_38)
FNDA:40020,(anonymous_39)
FNDA:10005,contains
FNDA:10059,match
FNDA:2,length
FNDA:12,isIR
FNDA:60,isStatic
FNDA:10059,globMatches
FNDA:20094,scanChunk
FNDA:10162,matchChunk
FNDA:51,getEsc
DA:2,2
DA:4,2
DA:5,113
DA:8,2
DA:9,113
DA:10,0
DA:13,113
DA:15,1
DA:17,111
DA:19,1
DA:24,1
DA:28,111
DA:29,1
DA:32,110
DA:33,110
DA:35,1
DA:38,109
DA:39,108
DA:40,108
DA:42,0
DA:45,2
DA:46,1
DA:47,0
DA:50,1
DA:51,1
DA:53,0
DA:56,1
DA:57,1
DA:58,10001
DA:60,0
DA:75,140
DA:76,21
DA:79,119
DA:81,119
DA:85,0
DA:86,0
DA:87,0
DA:88,0
DA:91,0
DA:96,4
DA:97,4
DA:98,10
DA:100,4
DA:101,20010
DA:102,20010
DA:103,20010
DA:104,10003
DA:107,0
DA:110,1
DA:115,4
DA:116,4
DA:117,13
DA:119,4
DA:120,50013
DA:121,50013
DA:122,50013
DA:123,1
DA:126,0
DA:127,0
DA:131,10003
DA:137,20
DA:144,10
DA:147,9
DA:148,9
DA:154,5
DA:155,10005
DA:159,59
DA:160,10059
DA:164,3
DA:165,10003
DA:166,10003
DA:167,0
DA:169,10003
DA:174,2
DA:175,2
DA:179,2
DA:180,2
DA:184,1
DA:190,80193
DA:191,0
DA:195,80193
DA:196,20174
DA:200,60019
DA:204,14
DA:212,10
DA:213,0
DA:214,0
DA:216,0
DA:219,10
DA:222,10
DA:223,0
DA:224,0
DA:226,0
DA:229,10
DA:234,10
DA:237,3
DA:238,3
DA:241,3
DA:242,3
DA:245,2
DA:246,2
DA:249,2
DA:250,2
DA:252,0
DA:255,10
DA:258,10
DA:259,0
DA:261,10
DA:264,10
DA:265,0
DA:267,10
DA:270,10
DA:271,0
DA:274,10
DA:283,20
DA:284,6
DA:285,1
DA:287,30005
DA:290,14
DA:293,20
DA:294,6
DA:295,6
DA:297,0
DA:300,14
DA:308,20
DA:311,40018
DA:312,18
DA:315,2
DA:316,2
DA:318,0
DA:321,20
DA:324,40020
DA:325,40006
DA:327,14
DA:330,40020
DA:331,6
DA:333,40014
DA:336,40020
DA:337,4
DA:338,4
DA:341,40020
DA:346,10005
DA:347,0
DA:350,10005
DA:354,10059
DA:355,0
DA:358,10059
DA:363,2
DA:364,0
DA:368,2
DA:369,0
DA:372,2
DA:379,12
DA:380,5
DA:384,7
DA:388,7
DA:391,0
DA:392,0
DA:395,0
DA:399,60
DA:400,12
DA:403,48
DA:411,10059
DA:412,20094
DA:413,20094
DA:414,20094
DA:415,20094
DA:417,10007
DA:421,10087
DA:422,10087
DA:423,1
DA:429,10086
DA:430,10033
DA:431,10033
DA:434,53
DA:436,31
DA:437,75
DA:438,75
DA:440,30
DA:441,3
DA:444,27
DA:445,27
DA:448,45
DA:449,0
DA:454,26
DA:457,25
DA:461,20094
DA:467,20094
DA:468,10042
DA:469,10042
DA:472,20094
DA:475,20094
DA:476,40272
DA:479,12
DA:480,11
DA:482,12
DA:484,34
DA:485,34
DA:487,30
DA:488,30
DA:490,10035
DA:491,10035
DA:496,20094
DA:497,20094
DA:498,20094
DA:505,10162
DA:511,10162
DA:512,30228
DA:513,7
DA:516,30221
DA:518,32
DA:519,32
DA:520,32
DA:522,32
DA:523,32
DA:524,8
DA:525,8
DA:529,32
DA:530,32
DA:531,32
DA:532,60
DA:533,19
DA:534,19
DA:537,41
DA:538,41
DA:539,41
DA:540,41
DA:541,41
DA:542,10
DA:545,31
DA:546,31
DA:547,10
DA:548,10
DA:549,3
DA:553,28
DA:554,12
DA:557,28
DA:560,19
DA:561,6
DA:563,13
DA:565,14
DA:566,14
DA:567,14
DA:569,4
DA:570,4
DA:571,1
DA:572,1
DA:576,30174
DA:577,71
DA:579,30103
DA:580,30103
DA:584,10064
DA:585,10064
DA:586,10064
DA:587,10064
DA:592,51
DA:598,51
DA:599,12
DA:600,12
DA:603,39
DA:604,8
DA:605,8
DA:606,0
DA:607,0
DA:613,39
DA:614,39
DA:615,39
DA:616,1
DA:619,39
LF:269
LH:232
BRDA:9,0,0,0
BRDA:14,1,0,1
BRDA:14,1,1,111
BRDA:14,1,2,1
BRDA:28,2,0,1
BRDA:39,3,0,108
BRDA:46,4,0,0
BRDA:57,5,0,1
BRDA:75,6,0,21
BRDA:84,7,0,0
BRDA:84,7,1,4
BRDA:84,7,2,4
BRDA:84,7,3,18
BRDA:84,7,4,20
BRDA:84,7,5,3
BRDA:84,7,6,5
BRDA:84,7,7,7
BRDA:84,7,8,10
BRDA:84,7,9,9
BRDA:84,7,10,5
BRDA:84,7,11,59
BRDA:84,7,12,3
BRDA:84,7,13,2
BRDA:84,7,14,2
BRDA:84,7,15,1
BRDA:86,8,0,0
BRDA:86,8,1,0
BRDA:102,9,0,20010
BRDA:102,9,1,0
BRDA:103,10,0,10003
BRDA:107,11,0,0
BRDA:121,12,0,50013
BRDA:121,12,1,0
BRDA:122,13,0,1
BRDA:126,14,0,0
BRDA:166,15,0,0
BRDA:190,16,0,0
BRDA:195,17,0,20174
BRDA:212,18,0,0
BRDA:212,18,1,10
BRDA:213,19,0,0
BRDA:213,19,1,0
BRDA:222,20,0,0
BRDA:222,20,1,10
BRDA:223,21,0,0
BRDA:223,21,1,0
BRDA:236,22,0,3
BRDA:236,22,1,3
BRDA:236,22,2,2
BRDA:236,22,3,2
BRDA:236,22,4,0
BRDA:258,23,0,0
BRDA:258,23,1,10
BRDA:264,24,0,0
BRDA:264,24,1,10
BRDA:270,25,0,0
BRDA:270,26,0,10
BRDA:270,26,1,10
BRDA:283,27,0,6
BRDA:283,27,1,14
BRDA:284,28,0,1
BRDA:284,28,1,5
BRDA:293,29,0,6
BRDA:293,29,1,14
BRDA:294,30,0,6
BRDA:294,30,1,0
BRDA:310,31,0,18
BRDA:310,31,1,2
BRDA:310,31,2,0
BRDA:324,32,0,40006
BRDA:324,32,1,14
BRDA:330,33,0,6
BRDA:330,33,1,40014
BRDA:336,34,0,4
BRDA:336,35,0,40020
BRDA:336,35,1,4
BRDA:346,36,0,0
BRDA:346,37,0,10005
BRDA:346,37,1,10005
BRDA:354,38,0,0
BRDA:354,39,0,10059
BRDA:354,39,1,10059
BRDA:363,40,0,0
BRDA:368,41,0,0
BRDA:368,42,0,2
BRDA:368,42,1,2
BRDA:379,43,0,5
BRDA:384,44,0,7
BRDA:385,45,0,7
BRDA:385,45,1,4
BRDA:385,45,2,2
BRDA:385,45,3,7
BRDA:391,46,0,0
BRDA:391,47,0,0
BRDA:391,47,1,0
BRDA:391,47,2,0
BRDA:399,48,0,12
BRDA:399,49,0,60
BRDA:399,49,1,53
BRDA:415,50,0,10007
BRDA:415,51,0,20094
BRDA:415,51,1,10042
BRDA:422,52,0,1
BRDA:429,53,0,10033
BRDA:429,54,0,10086
BRDA:429,54,1,10034
BRDA:429,54,2,10016
BRDA:434,55,0,31
BRDA:438,56,0,30
BRDA:440,57,0,3
BRDA:440,58,0,30
BRDA:440,58,1,12
BRDA:448,59,0,0
BRDA:467,60,0,30136
BRDA:467,60,1,20129
BRDA:477,61,0,12
BRDA:477,61,1,34
BRDA:477,61,2,30
BRDA:477,61,3,10035
BRDA:479,62,0,11
BRDA:490,63,0,10035
BRDA:512,64,0,7
BRDA:517,65,0,32
BRDA:517,65,1,14
BRDA:517,65,2,4
BRDA:517,65,3,30174
BRDA:523,66,0,8
BRDA:523,67,0,32
BRDA:523,67,1,30
BRDA:532,68,0,19
BRDA:532,69,0,60
BRDA:532,69,1,57
BRDA:532,69,2,20
BRDA:541,70,0,10
BRDA:546,71,0,10
BRDA:548,72,0,3
BRDA:553,73,0,12
BRDA:553,74,0,28
BRDA:553,74,1,20
BRDA:560,75,0,6
BRDA:570,76,0,1
BRDA:576,77,0,71
BRDA:598,78,0,12
BRDA:598,79,0,51
BRDA:598,79,1,48
BRDA:598,79,2,43
BRDA:603,80,0,8
BRDA:605,81,0,0
BRDA:615,82,0,1
BRF:149
BRH:116
end_of_record
TN:
SF:src/store.ts
FN:21,(anonymous_1)
FN:25,Store
FN:41,(anonymous_3)
FNF:3
FNH:3
FNDA:1,(anonymous_1)
FNDA:2,Store
FNDA:3,(anonymous_3)
DA:21,1
DA:22,2
DA:23,2
DA:25,2
DA:27,4
DA:29,2
DA:30,1
DA:31,1
DA:34,1
DA:36,1
DA:41,1
DA:42,3
DA:44,3
DA:45,3
DA:46,1
DA:49,3
DA:51,1
LF:17
LH:17
BRDA:25,0,0,0
BRDA:29,1,0,1
BRDA:29,1,1,1
BRDA:30,2,0,1
BRDA:45,3,0,1
BRDA:45,4,0,3
BRDA:45,4,1,1
BRF:7
BRH:6
end_of_record
